Flow report for Project_FreqDiv
Mon Aug 12 13:27:08 2024
Quartus II 64-Bit Version 15.0.0 Build 145 04/22/2015 SJ Web Edition


---------------------
; Table of Contents ;
---------------------
  1. Legal Notice
  2. Flow Summary
  3. Flow Settings
  4. Flow Non-Default Global Settings
  5. Flow Elapsed Time
  6. Flow OS Summary
  7. Flow Log
  8. Flow Messages
  9. Flow Suppressed Messages



----------------
; Legal Notice ;
----------------
Copyright (C) 1991-2015 Altera Corporation. All rights reserved.
Your use of Altera Corporation's design tools, logic functions 
and other software and tools, and its AMPP partner logic 
functions, and any output files from any of the foregoing 
(including device programming or simulation files), and any 
associated documentation or information are expressly subject 
to the terms and conditions of the Altera Program License 
Subscription Agreement, the Altera Quartus II License Agreement,
the Altera MegaCore Function License Agreement, or other 
applicable license agreement, including, without limitation, 
that your use is for the sole purpose of programming logic 
devices manufactured by Altera and sold by Altera or its 
authorized distributors.  Please refer to the applicable 
agreement for further details.



+------------------------------------------------------------------------------+
; Flow Summary                                                                 ;
+---------------------------------+--------------------------------------------+
; Flow Status                     ; Successful - Mon Aug 12 13:27:08 2024      ;
; Quartus II 64-Bit Version       ; 15.0.0 Build 145 04/22/2015 SJ Web Edition ;
; Revision Name                   ; Project_FreqDiv                            ;
; Top-level Entity Name           ; MyProject_TrafficLight                     ;
; Family                          ; Cyclone V                                  ;
; Device                          ; 5CEBA4F23C7                                ;
; Timing Models                   ; Final                                      ;
; Logic utilization (in ALMs)     ; 36 / 18,480 ( < 1 % )                      ;
; Total registers                 ; 44                                         ;
; Total pins                      ; 29 / 224 ( 13 % )                          ;
; Total virtual pins              ; 0                                          ;
; Total block memory bits         ; 0 / 3,153,920 ( 0 % )                      ;
; Total DSP Blocks                ; 0 / 66 ( 0 % )                             ;
; Total HSSI RX PCSs              ; 0                                          ;
; Total HSSI PMA RX Deserializers ; 0                                          ;
; Total HSSI TX PCSs              ; 0                                          ;
; Total HSSI PMA TX Serializers   ; 0                                          ;
; Total PLLs                      ; 0 / 4 ( 0 % )                              ;
; Total DLLs                      ; 0 / 4 ( 0 % )                              ;
+---------------------------------+--------------------------------------------+


+-----------------------------------------+
; Flow Settings                           ;
+-------------------+---------------------+
; Option            ; Setting             ;
+-------------------+---------------------+
; Start date & time ; 08/12/2024 13:25:57 ;
; Main task         ; Compilation         ;
; Revision Name     ; Project_FreqDiv     ;
+-------------------+---------------------+


+----------------------------------------------------------------------------------------------------------------------------------+
; Flow Non-Default Global Settings                                                                                                 ;
+-------------------------------------+--------------------------------+-----------------+------------------------+----------------+
; Assignment Name                     ; Value                          ; Default Value   ; Entity Name            ; Section Id     ;
+-------------------------------------+--------------------------------+-----------------+------------------------+----------------+
; COMPILER_SIGNATURE_ID               ; 93181000280672.172348355601836 ; --              ; --                     ; --             ;
; EDA_OUTPUT_DATA_FORMAT              ; Vhdl                           ; --              ; --                     ; eda_simulation ;
; EDA_SIMULATION_TOOL                 ; ModelSim-Altera (VHDL)         ; <None>          ; --                     ; --             ;
; MAX_CORE_JUNCTION_TEMP              ; 85                             ; --              ; --                     ; --             ;
; MIN_CORE_JUNCTION_TEMP              ; 0                              ; --              ; --                     ; --             ;
; PARTITION_COLOR                     ; 16764057                       ; --              ; MyProject_TrafficLight ; Top            ;
; PARTITION_FITTER_PRESERVATION_LEVEL ; PLACEMENT_AND_ROUTING          ; --              ; MyProject_TrafficLight ; Top            ;
; PARTITION_NETLIST_TYPE              ; SOURCE                         ; --              ; MyProject_TrafficLight ; Top            ;
; PROJECT_OUTPUT_DIRECTORY            ; output_files                   ; --              ; --                     ; --             ;
; TOP_LEVEL_ENTITY                    ; MyProject_TrafficLight         ; Project_FreqDiv ; --                     ; --             ;
+-------------------------------------+--------------------------------+-----------------+------------------------+----------------+


+-------------------------------------------------------------------------------------------------------------------------------+
; Flow Elapsed Time                                                                                                             ;
+---------------------------+--------------+-------------------------+---------------------+------------------------------------+
; Module Name               ; Elapsed Time ; Average Processors Used ; Peak Virtual Memory ; Total CPU Time (on all processors) ;
+---------------------------+--------------+-------------------------+---------------------+------------------------------------+
; Analysis & Synthesis      ; 00:00:11     ; 1.0                     ; 4892 MB             ; 00:00:19                           ;
; Fitter                    ; 00:00:22     ; 1.0                     ; 5816 MB             ; 00:00:23                           ;
; Assembler                 ; 00:00:06     ; 1.0                     ; 4853 MB             ; 00:00:05                           ;
; TimeQuest Timing Analyzer ; 00:00:12     ; 1.0                     ; 5077 MB             ; 00:00:06                           ;
; EDA Netlist Writer        ; 00:00:02     ; 1.0                     ; 4774 MB             ; 00:00:01                           ;
; Total                     ; 00:00:53     ; --                      ; --                  ; 00:00:54                           ;
+---------------------------+--------------+-------------------------+---------------------+------------------------------------+


+----------------------------------------------------------------------------------------+
; Flow OS Summary                                                                        ;
+---------------------------+------------------+-----------+------------+----------------+
; Module Name               ; Machine Hostname ; OS Name   ; OS Version ; Processor type ;
+---------------------------+------------------+-----------+------------+----------------+
; Analysis & Synthesis      ; PR-D122-18       ; Windows 7 ; 6.2        ; x86_64         ;
; Fitter                    ; PR-D122-18       ; Windows 7 ; 6.2        ; x86_64         ;
; Assembler                 ; PR-D122-18       ; Windows 7 ; 6.2        ; x86_64         ;
; TimeQuest Timing Analyzer ; PR-D122-18       ; Windows 7 ; 6.2        ; x86_64         ;
; EDA Netlist Writer        ; PR-D122-18       ; Windows 7 ; 6.2        ; x86_64         ;
+---------------------------+------------------+-----------+------------+----------------+


------------
; Flow Log ;
------------
quartus_map --read_settings_files=on --write_settings_files=off Project_FreqDiv -c Project_FreqDiv
quartus_fit --read_settings_files=off --write_settings_files=off Project_FreqDiv -c Project_FreqDiv
quartus_asm --read_settings_files=off --write_settings_files=off Project_FreqDiv -c Project_FreqDiv
quartus_sta Project_FreqDiv -c Project_FreqDiv
quartus_eda --read_settings_files=off --write_settings_files=off Project_FreqDiv -c Project_FreqDiv



